07-11-2018 22:48:36	This log contains information about the import schema operation into project 'DeepCasinoDB' on computer 'LAPTOP-C58FE9CF' by user 'Danny'.
07-11-2018 22:48:36	Import of database schema has started.
07-11-2018 22:48:43	Gathering database credentials
07-11-2018 22:48:43	Gathering database options
07-11-2018 22:48:43	Gathering users
07-11-2018 22:48:43	Gathering roles
07-11-2018 22:48:43	Gathering application roles
07-11-2018 22:48:43	Gathering role memberships
07-11-2018 22:48:43	Gathering filegroups
07-11-2018 22:48:43	Gathering full-text catalogs
07-11-2018 22:48:43	Gathering assemblies
07-11-2018 22:48:43	Gathering certificates
07-11-2018 22:48:43	Gathering asymmetric keys
07-11-2018 22:48:43	Gathering symmetric keys
07-11-2018 22:48:43	Gathering encrypted symmetric keys
07-11-2018 22:48:43	Gathering schemas
07-11-2018 22:48:43	Gathering XML schema collections
07-11-2018 22:48:44	Gathering user-defined data types
07-11-2018 22:48:44	Gathering user-defined types
07-11-2018 22:48:44	Gathering table types
07-11-2018 22:48:44	Gathering unique keys for table types
07-11-2018 22:48:44	Gathering primary keys for table types
07-11-2018 22:48:44	Gathering indexes for table types
07-11-2018 22:48:44	Gathering check constraints for table types
07-11-2018 22:48:44	Gathering default constraints for table types
07-11-2018 22:48:44	Gathering partition functions
07-11-2018 22:48:44	Gathering partition schemes
07-11-2018 22:48:44	Gathering functions
07-11-2018 22:48:44	Gathering encrypted functions
07-11-2018 22:48:44	Gathering aggregates
07-11-2018 22:48:44	Gathering procedures
07-11-2018 22:48:44	Gathering encrypted procedures
07-11-2018 22:48:44	Gathering tables
07-11-2018 22:48:44	Gathering primary keys
07-11-2018 22:48:44	Gathering unique constraints
07-11-2018 22:48:44	Gathering foreign keys
07-11-2018 22:48:44	Gathering default constraints
07-11-2018 22:48:44	Gathering check constraints
07-11-2018 22:48:44	Gathering views
07-11-2018 22:48:44	Gathering encrypted views
07-11-2018 22:48:44	Gathering indexes
07-11-2018 22:48:44	Gathering statistics
07-11-2018 22:48:44	Gathering full-text index stoplists
07-11-2018 22:48:44	Gathering search property lists
07-11-2018 22:48:44	Gathering search properties
07-11-2018 22:48:44	Gathering full-text indexes
07-11-2018 22:48:44	Gathering column store indexes
07-11-2018 22:48:44	Gathering spatial indexes
07-11-2018 22:48:44	Gathering XML indexes
07-11-2018 22:48:44	Gathering Selective XML indexes
07-11-2018 22:48:45	Gathering encrypted triggers
07-11-2018 22:48:45	Gathering triggers
07-11-2018 22:48:45	Gathering encrypted and clr ddl triggers
07-11-2018 22:48:45	Gathering ddl triggers
07-11-2018 22:48:45	Gathering synonyms
07-11-2018 22:48:45	Gathering defaults
07-11-2018 22:48:45	Gathering data constraint uddt bindings
07-11-2018 22:48:45	Gathering rules
07-11-2018 22:48:45	Gathering data constraint uddt bindings
07-11-2018 22:48:45	Gathering message types
07-11-2018 22:48:45	Gathering queues
07-11-2018 22:48:45	Gathering contracts
07-11-2018 22:48:45	Gathering services
07-11-2018 22:48:45	Gathering event notifications
07-11-2018 22:48:45	Gathering remote service bindings
07-11-2018 22:48:45	Gathering broker priorities
07-11-2018 22:48:45	Gathering signatures
07-11-2018 22:48:45	Gathering data compression options
07-11-2018 22:48:45	Gathering sequence types
07-11-2018 22:48:45	Gathering security policies
07-11-2018 22:48:45	Gather column encryption keys
07-11-2018 22:48:45	Gathering column master keys
07-11-2018 22:48:45	Gathering external data sources
07-11-2018 22:48:45	Gathering external file formats
07-11-2018 22:48:45	Gathering external tables
07-11-2018 22:48:45	Gathering extended properties
07-11-2018 22:48:45	Gathering credentials
07-11-2018 22:48:45	Gathering logins
07-11-2018 22:48:45	Gathering server audits
07-11-2018 22:48:46	Scanning project for duplicate elements
07-11-2018 22:48:46	Finished duplicate element processing
07-11-2018 22:48:46	Finished importing database.
07-11-2018 22:48:46	A summary of the import was saved to the following location: C:\Users\Danny\source\repos\DeepCasino\DeepCasinoDB\Import Schema Logs\DeepCasinoDB_20181107094836.log
07-11-2018 22:48:46	Click Finish to continue...
