07-11-2018 17:06:32	This log contains information about the import schema operation into project 'DeepCasinoDB' on computer 'LAPTOP-C58FE9CF' by user 'Danny'.
07-11-2018 17:06:32	Import of database schema has started.
07-11-2018 17:06:39	Gathering database credentials
07-11-2018 17:06:39	Gathering database options
07-11-2018 17:06:39	Gathering users
07-11-2018 17:06:39	Gathering roles
07-11-2018 17:06:39	Gathering application roles
07-11-2018 17:06:39	Gathering role memberships
07-11-2018 17:06:39	Gathering filegroups
07-11-2018 17:06:39	Gathering full-text catalogs
07-11-2018 17:06:39	Gathering assemblies
07-11-2018 17:06:39	Gathering certificates
07-11-2018 17:06:39	Gathering asymmetric keys
07-11-2018 17:06:39	Gathering symmetric keys
07-11-2018 17:06:39	Gathering encrypted symmetric keys
07-11-2018 17:06:39	Gathering schemas
07-11-2018 17:06:39	Gathering XML schema collections
07-11-2018 17:06:39	Gathering user-defined data types
07-11-2018 17:06:39	Gathering user-defined types
07-11-2018 17:06:39	Gathering table types
07-11-2018 17:06:39	Gathering unique keys for table types
07-11-2018 17:06:39	Gathering primary keys for table types
07-11-2018 17:06:39	Gathering indexes for table types
07-11-2018 17:06:39	Gathering check constraints for table types
07-11-2018 17:06:39	Gathering default constraints for table types
07-11-2018 17:06:39	Gathering partition functions
07-11-2018 17:06:39	Gathering partition schemes
07-11-2018 17:06:39	Gathering functions
07-11-2018 17:06:39	Gathering encrypted functions
07-11-2018 17:06:39	Gathering aggregates
07-11-2018 17:06:39	Gathering procedures
07-11-2018 17:06:39	Gathering encrypted procedures
07-11-2018 17:06:39	Gathering tables
07-11-2018 17:06:39	Gathering primary keys
07-11-2018 17:06:39	Gathering unique constraints
07-11-2018 17:06:39	Gathering foreign keys
07-11-2018 17:06:39	Gathering default constraints
07-11-2018 17:06:39	Gathering check constraints
07-11-2018 17:06:39	Gathering views
07-11-2018 17:06:39	Gathering encrypted views
07-11-2018 17:06:39	Gathering indexes
07-11-2018 17:06:39	Gathering statistics
07-11-2018 17:06:39	Gathering full-text index stoplists
07-11-2018 17:06:39	Gathering search property lists
07-11-2018 17:06:39	Gathering search properties
07-11-2018 17:06:39	Gathering full-text indexes
07-11-2018 17:06:39	Gathering column store indexes
07-11-2018 17:06:39	Gathering spatial indexes
07-11-2018 17:06:39	Gathering XML indexes
07-11-2018 17:06:39	Gathering Selective XML indexes
07-11-2018 17:06:39	Gathering encrypted triggers
07-11-2018 17:06:39	Gathering triggers
07-11-2018 17:06:39	Gathering encrypted and clr ddl triggers
07-11-2018 17:06:39	Gathering ddl triggers
07-11-2018 17:06:39	Gathering synonyms
07-11-2018 17:06:39	Gathering defaults
07-11-2018 17:06:39	Gathering data constraint uddt bindings
07-11-2018 17:06:39	Gathering rules
07-11-2018 17:06:39	Gathering data constraint uddt bindings
07-11-2018 17:06:39	Gathering message types
07-11-2018 17:06:39	Gathering queues
07-11-2018 17:06:39	Gathering contracts
07-11-2018 17:06:39	Gathering services
07-11-2018 17:06:39	Gathering event notifications
07-11-2018 17:06:39	Gathering remote service bindings
07-11-2018 17:06:39	Gathering broker priorities
07-11-2018 17:06:39	Gathering signatures
07-11-2018 17:06:39	Gathering data compression options
07-11-2018 17:06:39	Gathering sequence types
07-11-2018 17:06:39	Gathering security policies
07-11-2018 17:06:39	Gather column encryption keys
07-11-2018 17:06:39	Gathering column master keys
07-11-2018 17:06:39	Gathering external data sources
07-11-2018 17:06:39	Gathering external file formats
07-11-2018 17:06:39	Gathering external tables
07-11-2018 17:06:39	Gathering extended properties
07-11-2018 17:06:39	Gathering credentials
07-11-2018 17:06:39	Gathering logins
07-11-2018 17:06:39	Gathering server audits
07-11-2018 17:06:39	Scanning project for duplicate elements
07-11-2018 17:06:39	Finished duplicate element processing
07-11-2018 17:06:39	Finished importing database.
07-11-2018 17:06:39	A summary of the import was saved to the following location: C:\Users\Danny\source\repos\DeepCasino\DeepCasinoDB\Import Schema Logs\DeepCasinoDB_20181107040632.log
07-11-2018 17:06:39	Click Finish to continue...
